g:\码码\c++\myapp\myapp\debug\vc120.pdb
g:\码码\c++\myapp\myapp\debug\vc120.idb
g:\码码\c++\myapp\myapp\debug\myappdlg.obj
g:\码码\c++\myapp\myapp\debug\myappa.pch
g:\码码\c++\myapp\myapp\debug\stdafx.obj
g:\码码\c++\myapp\myapp\debug\clientnet.obj
g:\码码\c++\myapp\myapp\debug\servernet.obj
g:\码码\c++\myapp\myapp\debug\chess.obj
g:\码码\c++\myapp\myapp\debug\myapp.obj
g:\码码\c++\myapp\myapp\debug\serverdata.obj
g:\码码\c++\myapp\myapp\debug\myapp.res
g:\码码\c++\myapp\debug\myappa.pdb
g:\码码\c++\myapp\debug\myappa.exe
g:\码码\c++\myapp\debug\myappa.ilk
g:\码码\c++\myapp\myapp\debug\myappa.tlog\cl.command.1.tlog
g:\码码\c++\myapp\myapp\debug\myappa.tlog\cl.read.1.tlog
g:\码码\c++\myapp\myapp\debug\myappa.tlog\cl.write.1.tlog
g:\码码\c++\myapp\myapp\debug\myappa.tlog\link.command.1.tlog
g:\码码\c++\myapp\myapp\debug\myappa.tlog\link.read.1.tlog
g:\码码\c++\myapp\myapp\debug\myappa.tlog\link.write.1.tlog
g:\码码\c++\myapp\myapp\debug\myappa.tlog\rc.command.1.tlog
g:\码码\c++\myapp\myapp\debug\myappa.tlog\rc.read.1.tlog
g:\码码\c++\myapp\myapp\debug\myappa.tlog\rc.write.1.tlog
