g:\码码\cc杠s\myapp\myapp\debug\myappccs.pch
g:\码码\cc杠s\myapp\myapp\debug\vc120.pdb
g:\码码\cc杠s\myapp\myapp\debug\vc120.idb
g:\码码\cc杠s\myapp\myapp\debug\stdafx.obj
g:\码码\cc杠s\myapp\myapp\debug\chess.obj
g:\码码\cc杠s\myapp\myapp\debug\clientnet.obj
g:\码码\cc杠s\myapp\myapp\debug\myapp.obj
g:\码码\cc杠s\myapp\myapp\debug\myappdlg.obj
g:\码码\cc杠s\myapp\myapp\debug\serverdata.obj
g:\码码\cc杠s\myapp\myapp\debug\servernet.obj
g:\码码\ccs_ca\myapp\myapp\debug\vc120.pdb
g:\码码\ccs_ca\myapp\myapp\debug\vc120.idb
g:\码码\ccs_ca\myapp\myapp\debug\myappccs.pch
g:\码码\ccs_ca\myapp\myapp\debug\stdafx.obj
g:\码码\ccs_ca\myapp\myapp\debug\clientnet.obj
g:\码码\ccs_ca\myapp\myapp\debug\serverdata.obj
g:\码码\ccs_ca\myapp\myapp\debug\servernet.obj
g:\码码\ccs_ca\myapp\myapp\debug\chess.obj
g:\码码\ccs_ca\myapp\myapp\debug\clientsocket.obj
g:\码码\ccs_ca\myapp\myapp\debug\myapp.obj
g:\码码\ccs_ca\myapp\myapp\debug\myappdlg.obj
g:\码码\cc杠s\myapp\debug\myappccs.ilk
g:\码码\cc杠s\myapp\debug\myappccs.exe
g:\码码\cc杠s\myapp\debug\myappccs.pdb
g:\码码\ccs_ca\myapp\debug\myappccs.ilk
g:\码码\ccs_ca\myapp\debug\myappccs.exe
g:\码码\ccs_ca\myapp\debug\myappccs.pdb
g:\码码\cc杠s\myapp\myapp\debug\myapp.res
g:\码码\ccs_ca\myapp\myapp\debug\myapp.res
g:\码码\ccs_ca\myapp\myapp\debug\myappccs.tlog\cl.command.1.tlog
g:\码码\ccs_ca\myapp\myapp\debug\myappccs.tlog\cl.read.1.tlog
g:\码码\ccs_ca\myapp\myapp\debug\myappccs.tlog\cl.write.1.tlog
g:\码码\ccs_ca\myapp\myapp\debug\myappccs.tlog\link.command.1.tlog
g:\码码\ccs_ca\myapp\myapp\debug\myappccs.tlog\link.read.1.tlog
g:\码码\ccs_ca\myapp\myapp\debug\myappccs.tlog\link.write.1.tlog
g:\码码\ccs_ca\myapp\myapp\debug\myappccs.tlog\rc.command.1.tlog
g:\码码\ccs_ca\myapp\myapp\debug\myappccs.tlog\rc.read.1.tlog
g:\码码\ccs_ca\myapp\myapp\debug\myappccs.tlog\rc.write.1.tlog
